<?xml version="1.0" encoding="UTF-8"?>
<testng-results skipped="0" failed="0" ignored="0" total="1" passed="1">
  <reporter-output>
  </reporter-output>
  <suite name="Default suite" duration-ms="4025" started-at="2022-08-19T10:22:48 EDT" finished-at="2022-08-19T10:22:52 EDT">
    <groups>
    </groups>
    <test name="Default test" duration-ms="4025" started-at="2022-08-19T10:22:48 EDT" finished-at="2022-08-19T10:22:52 EDT">
      <class name="test.IndexTest">
        <test-method status="PASS" signature="userShouldBeableToRemoveAllItemsWithtoggleAllAndRemoveButton()[pri:0, instance:test.IndexTest@1d29cf23]" name="userShouldBeableToRemoveAllItemsWithtoggleAllAndRemoveButton" duration-ms="3996" started-at="2022-08-19T10:22:48 EDT" finished-at="2022-08-19T10:22:52 EDT">
          <reporter-output>
          </reporter-output>
        </test-method> <!-- userShouldBeableToRemoveAllItemsWithtoggleAllAndRemoveButton -->
      </class> <!-- test.IndexTest -->
    </test> <!-- Default test -->
  </suite> <!-- Default suite -->
</testng-results>
